<?xml version="1.0" encoding="UTF-8"?>
<!-- Generated by org.testng.reporters.JUnitReportReporter -->
<testsuite skipped="0" hostname="DESKTOP-5JHV4KP" name="Gittesting.testgit.first" tests="1" failures="0" timestamp="06 Jun 2020 14:24:42 GMT" time="0.009" errors="0">
  <testcase name="team" time="0.009" classname="Gittesting.testgit.first"/>
</testsuite> <!-- Gittesting.testgit.first -->
